<?xml version="1.0" encoding="UTF-8"?>
<!-- Generated by org.testng.reporters.JUnitXMLReporter -->
<testsuite hostname="hp" ignored="0" name="Default test" tests="5" failures="0" timestamp="25 Mar 2020 18:03:52 GMT" time="9.803" errors="0">
  <testcase name="@BeforeMethod beforeMethod" time="9.517" classname="com.qa.ApplicationSpecifics.ProjectSpecificMethods">
    <failure type="java.lang.NullPointerException">
      <![CDATA[java.lang.NullPointerException
at utils.Reporter.reportStep(Reporter.java:59)
at utils.Reporter.reportStep(Reporter.java:64)
at com.amazon.selenium.base.SeleniumBase.startApp(SeleniumBase.java:276)
at com.qa.ApplicationSpecifics.ProjectSpecificMethods.beforeMethod(ProjectSpecificMethods.java:22)
at sun.reflect.NativeMethodAccessorImpl.invoke0(Native Method)
at sun.reflect.NativeMethodAccessorImpl.invoke(Unknown Source)
at sun.reflect.DelegatingMethodAccessorImpl.invoke(Unknown Source)
at java.lang.reflect.Method.invoke(Unknown Source)
at org.testng.internal.MethodInvocationHelper.invokeMethod(MethodInvocationHelper.java:124)
at org.testng.internal.MethodInvocationHelper.invokeMethodConsideringTimeout(MethodInvocationHelper.java:59)
at org.testng.internal.Invoker.invokeConfigurationMethod(Invoker.java:458)
at org.testng.internal.Invoker.invokeConfigurations(Invoker.java:222)
at org.testng.internal.Invoker.invokeMethod(Invoker.java:523)
at org.testng.internal.Invoker.invokeTestMethod(Invoker.java:719)
at org.testng.internal.Invoker.invokeTestMethods(Invoker.java:989)
at org.testng.internal.TestMethodWorker.invokeTestMethods(TestMethodWorker.java:125)
at org.testng.internal.TestMethodWorker.run(TestMethodWorker.java:109)
at org.testng.TestRunner.privateRun(TestRunner.java:648)
at org.testng.TestRunner.run(TestRunner.java:505)
at org.testng.SuiteRunner.runTest(SuiteRunner.java:455)
at org.testng.SuiteRunner.runSequentially(SuiteRunner.java:450)
at org.testng.SuiteRunner.privateRun(SuiteRunner.java:415)
at org.testng.SuiteRunner.run(SuiteRunner.java:364)
at org.testng.SuiteRunnerWorker.runSuite(SuiteRunnerWorker.java:52)
at org.testng.SuiteRunnerWorker.run(SuiteRunnerWorker.java:84)
at org.testng.TestNG.runSuitesSequentially(TestNG.java:1208)
at org.testng.TestNG.runSuitesLocally(TestNG.java:1137)
at org.testng.TestNG.runSuites(TestNG.java:1049)
at org.testng.TestNG.run(TestNG.java:1017)
at org.testng.remote.AbstractRemoteTestNG.run(AbstractRemoteTestNG.java:114)
at org.testng.remote.RemoteTestNG.initAndRun(RemoteTestNG.java:251)
at org.testng.remote.RemoteTestNG.main(RemoteTestNG.java:77)
]]>
    </failure>
  </testcase> <!-- @BeforeMethod beforeMethod -->
  <testcase name="@AfterMethod afterMethod" time="0.0" classname="com.qa.ApplicationSpecifics.ProjectSpecificMethods">
    <skipped/>
  </testcase> <!-- @AfterMethod afterMethod -->
  <testcase name="@BeforeMethod beforeMethod" time="0.0" classname="com.qa.ApplicationSpecifics.ProjectSpecificMethods">
    <skipped/>
  </testcase> <!-- @BeforeMethod beforeMethod -->
  <testcase name="@AfterMethod afterMethod" time="0.0" classname="com.qa.ApplicationSpecifics.ProjectSpecificMethods">
    <skipped/>
  </testcase> <!-- @AfterMethod afterMethod -->
  <testcase name="@BeforeMethod beforeMethod" time="0.0" classname="com.qa.ApplicationSpecifics.ProjectSpecificMethods">
    <skipped/>
  </testcase> <!-- @BeforeMethod beforeMethod -->
  <testcase name="@AfterMethod afterMethod" time="0.0" classname="com.qa.ApplicationSpecifics.ProjectSpecificMethods">
    <skipped/>
  </testcase> <!-- @AfterMethod afterMethod -->
  <testcase name="@BeforeMethod beforeMethod" time="0.0" classname="com.qa.ApplicationSpecifics.ProjectSpecificMethods">
    <skipped/>
  </testcase> <!-- @BeforeMethod beforeMethod -->
  <testcase name="@AfterMethod afterMethod" time="0.0" classname="com.qa.ApplicationSpecifics.ProjectSpecificMethods">
    <skipped/>
  </testcase> <!-- @AfterMethod afterMethod -->
  <testcase name="@BeforeMethod beforeMethod" time="0.0" classname="com.qa.ApplicationSpecifics.ProjectSpecificMethods">
    <skipped/>
  </testcase> <!-- @BeforeMethod beforeMethod -->
  <testcase name="@AfterMethod afterMethod" time="0.0" classname="com.qa.ApplicationSpecifics.ProjectSpecificMethods">
    <skipped/>
  </testcase> <!-- @AfterMethod afterMethod -->
  <testcase name="runScenario" time="0.0" classname="cucumber.api.testng.AbstractTestNGCucumberTests">
    <skipped/>
  </testcase> <!-- runScenario -->
  <testcase name="runScenario" time="0.0" classname="cucumber.api.testng.AbstractTestNGCucumberTests">
    <skipped/>
  </testcase> <!-- runScenario -->
  <testcase name="TC_001_AppleLaptopFunctionality" time="0.0" classname="com.testCases.LaptopFlow">
    <skipped/>
  </testcase> <!-- TC_001_AppleLaptopFunctionality -->
  <testcase name="TC_002_AsusLaptopFunctionality" time="0.0" classname="com.testCases.LaptopFlow">
    <skipped/>
  </testcase> <!-- TC_002_AsusLaptopFunctionality -->
  <testcase name="TC_003_AcerLaptopFunctionality" time="0.0" classname="com.testCases.LaptopFlow">
    <skipped/>
  </testcase> <!-- TC_003_AcerLaptopFunctionality -->
</testsuite> <!-- Default test -->
